sur_0007_1015_phnd_cs-chn.wav : 0.75
sur_0008_1016_phnd_cs-chn.wav : 0.5625
sur_0009_1019_phns_cs-chn.wav : 0
sur_0010_1021_phnd_cs-chn.wav : -0.375
sur_0011_1022_phnd_cs-chn.wav : 1.5
sur_0012_1025_phnd_cs-chn.wav : -1.3125
sur_0013_1027_phnd_cs-chn.wav : -0.9375
sur_0014_1028_phnd_cs-chn.wav : 0.75
sur_0015_1030_phns_cs-chn.wav : 0
sur_0016_1032_phns_cs-chn.wav : 0
sur_0017_1035_phnd_cs-chn.wav : 0.9375
sur_0018_1037_phnd_cs-chn.wav : 0.9375
sur_0019_1038_phnd_cs-chn.wav : -0.8125
sur_0020_1041_phnd_cs-chn.wav : 7.0625
sur_0021_1043_phnd_cs-chn.wav : -0.1875
sur_0023_1046_phnd_cs-chn.wav : -1.25
sur_0025_1051_phnd_cs-chn.wav : 1.6875
sur_0026_1052_phnd_cs-chn.wav : 0.1875
sur_0027_1055_phnd_cs-chn.wav : 1.0
sur_0028_1056_phnd_cs-chn.wav : 1.1875
sur_0029_1058_phnd_cs-chn.wav : 1.0625
sur_0030_1061_phnd_cs-chn.wav : -1.0
sur_0031_1063_phnd_cs-chn.wav : -0.875
sur_0032_1065_phns_cs-chn.wav : 0
sur_0033_1067_phns_cs-chn.wav : 0
sur_0034_1068_phnd_cs-chn.wav : -0.3125
sur_0035_1071_phnd_cs-chn.wav : 0.0625
sur_0036_1072_phnd_cs-chn.wav : 1.375
sur_0037_1075_phnd_cs-chn.wav : -0.625
sur_0038_1077_phnd_cs-chn.wav : 1.125
sur_0039_1079_phnd_cs-chn.wav : -0.9375
sur_0040_1081_phnd_cs-chn.wav : 1.375
sur_0041_1083_phnd_cs-chn.wav : 0.0
sur_0042_1085_phns_cs-chn.wav : 0
sur_0043_1087_phnd_cs-chn.wav : 14.125
sur_0044_1088_phnd_cs-chn.wav : 0.5625
sur_0045_1089_phns_cs-chn.wav : 0
sur_0046_1092_phnd_cs-chn.wav : 0.25
sur_0047_1094_phnd_cs-chn.wav : 0
sur_0048_1096_phnd_cs-chn.wav : 1.0
sur_0049_1097_phns_cs-chn.wav : 0
sur_0050_1100_phns_cs-mly.wav : 0
sur_0051_1102_phnd_cs-chn.wav : 0.1875
sur_0052_1104_phns_cs-chn.wav : 0
sur_0053_1105_phnd_cs-chn.wav : 0.25
sur_0054_1109_phnd_cs-chn.wav : -0.25
sur_0056_1112_phns_cs-chn.wav : 0
sur_0059_1118_phnd_cs-chn.wav : 9.8125
sur_0062_1124_phnd_cs-chn.wav : -1.3125
sur_0065_1130_phns_cs-mly.wav : 0
sur_0067_1134_phns_cs-tml.wav : 0
sur_0068_1136_phnd_cs-tml.wav : 0.25
sur_0070_1141_phns_cs-tml.wav : 0
sur_0074_1149_phnd_cs-chn.wav : 0
sur_0075_1150_phnd_cs-chn.wav : 0
sur_0076_1153_phnd_cs-chn.wav : 1.0
sur_0077_1155_phnd_cs-chn.wav : -1.0625
sur_0080_1161_phnd_cs-chn.wav : 1.4375
sur_0081_1163_phnd_cs-chn.wav : 1.0
sur_0082_1165_phns_cs-chn.wav : 0
sur_0085_1170_phns_cs-chn.wav : 0
sur_0087_1174_phns_cs-chn.wav : 0
sur_0088_1776_phns_cs-chn.wav : 0
sur_0090_1781_phnd_cs-chn.wav : 1.875
sur_0091_1782_phns_cs-chn.wav : 0
sur_0092_1785_phns_cs-chn.wav : 0
sur_0093_1786_phns_cs-chn.wav : 0
sur_0096_1192_phns_cs-chn.wav : 0
sur_0097_1194_phns_cs-chn.wav : 0
sur_0098_1197_phns_cs-mly.wav : 0
sur_0100_1200_phns_cs-chn.wav : 0
sur_0101_1203_phnd_cs-chn.wav : -0.375
sur_0102_1204_phnd_cs-chn.wav : 21.0
sur_0106_1213_phns_cs-chn.wav : 0
sur_0107_1214_phnd_cs-chn.wav : -0.75
sur_0108_1216_phns_cs-chn.wav : 0
sur_0110_1221_phns_cs-chn.wav : 0
sur_0111_1222_phnd_cs-chn.wav : 1.1875
sur_0113_1226_phns_cs-chn.wav : 0
sur_0114_1228_phnd_cs-chn.wav : 0.25
sur_0116_1232_phnd_cs-chn.wav : -3.0625
sur_0118_1236_phnd_cs-chn.wav : 0
sur_0119_1238_phnd_cs-chn.wav : 15.1875
sur_0120_1241_phnd_cs-chn.wav : 0.75
sur_0121_1242_phns_cs-chn.wav : 0
sur_0122_1245_phnd_cs-chn.wav : 1.0
sur_0123_1247_phns_cs-chn.wav : 0
sur_0124_1249_phnd_cs-chn.wav : 1.5625
sur_0125_1250_phns_cs-chn.wav : 0
sur_0126_1252_phnd_cs-chn.wav : -1.5
sur_0127_1255_phnd_cs-chn.wav : 0.5
sur_0128_1256_phns_cs-chn.wav : 0
sur_0130_1261_phns_cs-chn.wav : 0
sur_0131_1263_phns_cs-tml.wav : 0
sur_0132_1264_phnd_cs-chn.wav : -0.1875
sur_0133_1267_phnd_cs-chn.wav : -0.1875
sur_0134_1268_phnd_cs-chn.wav : 2.8125
sur_0135_1270_phns_cs-chn.wav : 0
sur_0137_1275_phnd_cs-tml.wav : -0.125
sur_0138_1277_phns_cs-chn.wav : 0
sur_0139_1278_phns_cs-chn.wav : 0
sur_0140_1280_phnd_cs-chn.wav : 6.375
sur_0141_1283_phnd_cs-chn.wav : -1.0625
sur_0142_1284_phnd_cs-chn.wav : 0.4375
sur_0144_1289_phnd_cs-tml.wav : 1.25
sur_0145_1290_phns_cs-chn.wav : 0
sur_0146_1292_phnd_cs-chn.wav : -0.8125
sur_0148_1296_phns_cs-chn.wav : 0
sur_0149_1298_phnd_cs-chn.wav : 0.3125
sur_0150_1301_phnd_cs-chn.wav : 2.5
sur_0151_1302_phns_cs-chn.wav : 0
sur_0152_1305_phnd_cs-chn.wav : -1.25
sur_0153_1306_phnd_cs-chn.wav : -0.8125
sur_0154_1309_phnd_cs-chn.wav : -0.5
sur_0155_1310_phns_cs-chn.wav : 0
sur_0156_1312_phns_cs-chn.wav : 0
sur_0157_1314_phns_cs-chn.wav : 0
sur_0158_1316_phnd_cs-chn.wav : 0.3125
sur_0159_1318_phns_cs-chn.wav : 0
sur_0160_1321_phnd_cs-chn.wav : 3.3125
sur_0161_1323_phns_cs-chn.wav : 0
sur_0162_1324_phnd_cs-chn.wav : 0.5
sur_0163_1327_phnd_cs-mly.wav : 298.4375
sur_0164_1329_phnd_cs-chn.wav : 55.5
sur_0165_1331_phns_cs-chn.wav : 0
sur_0167_1335_phnd_cs-mly.wav : 3.625
sur_0168_1337_phns_cs-chn.wav : 0
sur_0170_1341_phns_cs-chn.wav : 0
sur_0171_1343_phns_cs-chn.wav : 0
sur_0172_1345_phns_cs-chn.wav : 0
sur_0174_1349_phns_cs-chn.wav : 0
sur_0175_1350_phns_cs-chn.wav : 0
sur_0176_1352_phns_cs-chn.wav : 0
sur_0178_1357_phnd_cs-chn.wav : 0.25
sur_0179_1359_phnd_cs-chn.wav : -7.0625
sur_0180_1360_phns_cs-chn.wav : 0
sur_0182_1365_phnd_cs-chn.wav : 0.375
sur_0183_1366_phnd_cs-chn.wav : -0.125
sur_0185_1370_phns_cs-chn.wav : 0
sur_0186_1372_phnd_cs-tml.wav : 1.125
sur_0187_1375_phns_cs-chn.wav : 0
sur_0188_1377_phns_cs-chn.wav : 0
sur_0189_1379_phns_cs-chn.wav : 0
sur_0190_1380_phns_cs-chn.wav : 0
sur_0192_1385_phnd_cs-tml.wav : 1.375
sur_0193_1387_phns_cs-chn.wav : 0
sur_0194_1389_phns_cs-chn.wav : 0
sur_0195_1390_phnd_cs-chn.wav : 2.6875
sur_0196_1393_phnd_cs-chn.wav : -1.25
sur_0197_1395_phns_cs-chn.wav : 0
sur_0198_1397_phns_cs-chn.wav : 0
sur_0198_1397_phns_cs-chn.wav : 0
sur_0199_1398_phns_cs-chn.wav : 0
sur_0199_1399_phns_cs-chn.wav : 0
sur_0202_1405_phns_cs-chn.wav : 0
sur_0203_1407_phns_cs-chn.wav : 0
sur_0205_1410_phnd_cs-chn.wav : -1.0
sur_0206_1412_phns_cs-chn.wav : 0
sur_0207_1414_phnd_cs-chn.wav : 0.4375
sur_0208_1417_phns_cs-chn.wav : 0
sur_0209_1419_phns_cs-chn.wav : 0
sur_0210_1421_phns_cs-chn.wav : 0
sur_0211_1423_phnd_cs-chn.wav : 0.6875
sur_0212_1424_phns_cs-tml.wav : 0
sur_0213_1426_phns_cs-chn.wav : 0
sur_0214_1429_phnd_cs-chn.wav : 0.3125
sur_0216_1432_phns_cs-chn.wav : 0
sur_0218_1437_phns_cs-chn.wav : 0
sur_0219_1438_phnd_cs-chn.wav : -0.25
sur_0221_1442_phns_cs-mly.wav : 0
sur_0222_1445_phns_cs-chn.wav : 0
sur_0224_1448_phns_cs-mly.wav : 0
sur_0225_1451_phns_cs-chn.wav : 0
sur_0226_1453_phnd_cs-chn.wav : 0.75
sur_0227_1454_phnd_cs-chn.wav : -0.375
sur_0228_1457_phns_cs-chn.wav : 0
sur_0229_1459_phns_cs-chn.wav : 0
sur_0230_1461_phns_cs-chn.wav : 0
sur_0231_1462_phns_cs-chn.wav : 0
sur_0232_1465_phnd_cs-chn.wav : 0.3125
sur_0233_1467_phns_cs-chn.wav : 0
sur_0234_1469_phnd_cs-chn.wav : 0.875
sur_0235_1471_phns_cs-chn.wav : 0
sur_0236_1473_phnd_cs-chn.wav : 0.375
sur_0237_1475_phnd_cs-chn.wav : 0.125
sur_0238_1476_phns_cs-chn.wav : 0
sur_0239_1479_phns_cs-chn.wav : 0
sur_0240_1481_phns_cs-chn.wav : 0
sur_0241_1483_phns_cs-chn.wav : 0
sur_0243_1486_phns_cs-chn.wav : 0
sur_0244_1488_phns_cs-chn.wav : 0
sur_0245_1490_phns_cs-chn.wav : 0
sur_0246_1493_phns_cs-chn.wav : 0
sur_0247_1495_phns_cs-chn.wav : 0
sur_0248_1497_phns_cs-chn.wav : 0
sur_0249_1499_phns_cs-chn.wav : 0
sur_0251_1503_phnd_cs-chn.wav : 1.125
sur_0254_1508_phnd_cs-tml.wav : 0.4375
sur_0255_1510_phnd_cs-mly.wav : 1.3125
sur_0256_1513_phnd_cs-chn.wav : 0.75
sur_0258_1516_phns_cs-chn.wav : 0
sur_0260_1521_phns_cs-chn.wav : 0
sur_0262_1525_phnd_cs-chn.wav : 1.3125
sur_0263_1527_phnd_cs-chn.wav : -1.875
sur_0264_1529_phns_cs-chn.wav : 0
sur_0265_1530_phns_cs-chn.wav : 0
sur_0266_1533_phnd_cs-chn.wav : 0.3125
sur_0269_1538_phns_cs-chn.wav : 0
sur_0270_1540_phns_cs-chn.wav : 0
sur_0271_1542_phnd_cs-chn.wav : -0.6875
sur_0272_1544_phnd_cs-chn.wav : 0.0
sur_0273_1547_phnd_cs-chn.wav : -0.25
sur_0274_1548_phns_cs-chn.wav : 0
sur_0276_1553_phns_cs-chn.wav : 0
sur_0277_1555_phns_cs-chn.wav : 0
sur_0279_1559_phnd_cs-chn.wav : -0.8125
sur_0280_1561_phns_cs-chn.wav : 0
sur_0281_1563_phns_cs-chn.wav : 0
sur_0282_1564_phnd_cs-chn.wav : 0.1875
sur_0284_1569_phns_cs-chn.wav : 0
sur_0285_1570_phnd_cs-mly.wav : 33.5625
sur_0286_1573_phnd_cs-chn.wav : 0.3125
sur_0287_1575_phns_cs-chn.wav : 0
sur_0288_1576_phns_cs-chn.wav : 0
sur_0289_1579_phnd_cs-chn.wav : 0.875
sur_0290_1581_phnd_cs-chn.wav : -0.3125
sur_0291_1583_phns_cs-chn.wav : 0
sur_0292_1585_phns_cs-mly.wav : 0
sur_0293_1586_phnd_cs-chn.wav : -0.875
sur_0294_1589_phns_cs-chn.wav : 0
sur_0295_1590_phns_cs-chn.wav : 0
sur_0296_1593_phns_cs-chn.wav : 0
sur_0297_1594_phns_cs-chn.wav : 0
sur_0298_1596_phns_cs-chn.wav : 0
sur_0298_1597_phns_cs-chn.wav : 0
sur_0301_1602_phns_cs-chn.wav : 0
sur_0302_1605_phns_cs-chn.wav : 0
sur_0303_1606_phnd_cs-chn.wav : 3.25
sur_0304_1609_phns_cs-chn.wav : 0
sur_0306_1612_phnd_cs-chn.wav : 1.125
sur_0308_1616_phnd_cs-chn.wav : -0.875
sur_0309_1619_phns_cs-chn.wav : 0
sur_0310_1620_phns_cs-chn.wav : 0
sur_0311_1622_phnd_cs-tml.wav : 0.375
sur_0312_1624_phns_cs-chn.wav : 0
sur_0313_1627_phns_cs-chn.wav : 0
sur_0314_1628_phnd_cs-chn.wav : 1.0625
sur_0315_1631_phns_cs-tml.wav : 0
sur_0316_1632_phns_cs-chn.wav : 0
sur_0317_1635_phns_cs-chn.wav : 0
sur_0319_1638_phns_cs-chn.wav : 0
sur_0320_1641_phns_cs-chn.wav : 0
sur_0322_1645_phnd_cs-chn.wav : 0.8125
sur_0323_1647_phns_cs-chn.wav : 0
sur_0324_1648_phns_cs-chn.wav : 0
sur_0325_1650_phnd_cs-mly.wav : 1.25
sur_0326_1653_phns_cs-chn.wav : 0
sur_0328_1656_phnd_cs-chn.wav : 0.75
sur_0329_1658_phns_cs-chn.wav : 0
sur_0330_1661_phnd_cs-chn.wav : 0.25
sur_0331_1662_phns_cs-chn.wav : 0
sur_0332_1665_phns_cs-chn.wav : 0
sur_0333_1667_phns_cs-chn.wav : 0
sur_0334_1669_phns_cs-chn.wav : 0
sur_0335_1670_phns_cs-chn.wav : 0
sur_0336_1673_phns_cs-chn.wav : 0
sur_0337_1674_phns_cs-chn.wav : 0
sur_0338_1677_phns_cs-chn.wav : 0
sur_0339_1678_phns_cs-mly.wav : 0
sur_0340_1680_phns_cs-tml.wav : 0
sur_0341_1682_phns_cs-chn.wav : 0
sur_0343_1687_phns_cs-chn.wav : 0
sur_0344_1689_phnd_cs-chn.wav : -0.8125
sur_0345_1691_phnd_cs-chn.wav : 0.9375
sur_0346_1693_phnd_cs-chn.wav : 0.3125
sur_0347_1695_phns_cs-chn.wav : 0
sur_0350_1701_phns_cs-chn.wav : 0
sur_0351_1702_phns_cs-chn.wav : 0
sur_0352_1704_phns_cs-chn.wav : 0
sur_0353_1706_phnd_cs-chn.wav : 36.5625
sur_0354_1709_phnd_cs-chn.wav : -0.5
sur_0356_1713_phns_cs-chn.wav : 0
sur_0357_1714_phns_cs-mly.wav : 0
sur_0358_1716_phns_cs-chn.wav : 0
sur_0359_1719_phns_cs-chn.wav : 0
sur_0361_1723_phnd_cs-chn.wav : -0.625
sur_0362_1724_phnd_cs-chn.wav : 0.8125
sur_0364_1729_phnd_cs-chn.wav : -0.1875
sur_0365_1730_phnd_cs-chn.wav : 0.375
sur_0367_1735_phns_cs-chn.wav : 0
sur_0368_1737_phnd_cs-chn.wav : 0.9375
sur_0369_1739_phns_cs-chn.wav : 0
sur_0370_1741_phns_cs-chn.wav : 0
sur_0372_1745_phns_cs-chn.wav : 0
sur_0373_1747_phns_cs-chn.wav : 0
sur_0375_1750_phns_cs-chn.wav : 0
sur_0376_1753_phns_cs-chn.wav : 0
sur_0377_1755_phnd_cs-chn.wav : 0.5625
sur_0378_1756_phnd_cs-chn.wav : -0.9375
sur_0379_1759_phns_cs-mly.wav : 0
sur_0380_1761_phns_cs-chn.wav : 0
sur_0381_1762_phnd_cs-chn.wav : 0.25
sur_0382_1765_phnd_cs-chn.wav : 0.9375
sur_0385_1770_phns_cs-chn.wav : 0
sur_0387_1774_phnd_cs-chn.wav : 0.25
sur_0390_1781_phns_cs-mly.wav : 0
sur_0391_1783_phnd_cs-chn.wav : 0.625
sur_0392_1784_phns_cs-chn.wav : 0
sur_0393_1787_phnd_cs-chn.wav : -0.375
sur_0394_1789_phns_cs-chn.wav : 0
sur_0395_1791_phns_cs-chn.wav : 0
sur_0396_1793_phns_cs-chn.wav : 0
sur_0397_1795_phns_cs-chn.wav : 0
sur_0398_1797_phnd_cs-chn.wav : 0.6875
sur_0399_1798_phnd_cs-chn.wav : -0.6875
sur_0400_1801_phns_cs-chn.wav : 0
sur_0401_1802_phnd_cs-chn.wav : 10.875
sur_0402_1804_phnd_cs-chn.wav : -0.25
sur_0403_1806_phns_cs-chn.wav : 0
sur_0404_1808_phns_cs-chn.wav : 0
sur_0405_1810_phnd_cs-chn.wav : -0.25
sur_0408_1816_phns_cs-chn.wav : 0
sur_0409_1819_phns_cs-chn.wav : 0
sur_0410_1821_phnd_cs-chn.wav : 1.3125
sur_0411_1823_phns_cs-chn.wav : 0
sur_0412_1825_phns_cs-chn.wav : 0
sur_0413_1826_phns_cs-chn.wav : 0
sur_0415_1831_phnd_cs-mly.wav : 19.25
sur_0417_1834_phns_cs-chn.wav : 0
sur_0419_1839_phns_cs-chn.wav : 0
sur_0421_1842_phnd_cs-chn.wav : 0.125
sur_0422_1845_phns_cs-chn.wav : 0
sur_0424_1849_phnd_cs-chn.wav : 0.9375
sur_0425_1851_phnd_cs-tml.wav : 0.875
sur_0428_1857_phns_cs-chn.wav : 0
sur_0429_1859_phns_cs-chn.wav : 0
sur_0430_1861_phnd_cs-chn.wav : 0.8125
sur_0432_1864_phns_cs-chn.wav : 0
sur_0433_1867_phns_cs-chn.wav : 0
sur_0436_1873_phns_cs-chn.wav : 0
sur_0437_1874_phnd_cs-chn.wav : 3.6875
sur_0439_1878_phns_cs-chn.wav : 0
sur_0443_1887_phns_cs-chn.wav : 0
sur_0444_1888_phns_cs-chn.wav : 0
sur_0445_1891_phns_cs-chn.wav : 0
sur_0447_1895_phnd_cs-chn.wav : 104.8125
sur_0448_1897_phnd_cs-chn.wav : 0.375
sur_0449_1899_phnd_cs-chn.wav : 2.25
sur_0451_1903_phns_cs-chn.wav : 0
sur_0452_1905_phnd_cs-chn.wav : 0.25
sur_0453_1906_phns_cs-chn.wav : 0
sur_0454_1908_phnd_cs-chn.wav : 0.6875
sur_0455_1910_phns_cs-chn.wav : 0
sur_0457_1914_phns_cs-chn.wav : 0
sur_0458_1916_phns_cs-chn.wav : 0
sur_0459_1919_phns_cs-chn.wav : 0
sur_0461_1922_phns_cs-chn.wav : 0
sur_0462_1924_phnd_cs-chn.wav : 0.1875
sur_0463_1927_phns_cs-chn.wav : 0
sur_0464_1928_phnd_cs-chn.wav : 1.1875
sur_0466_1933_phns_cs-chn.wav : 0
sur_0467_1934_phnd_cs-chn.wav : -0.1875
sur_0469_1938_phnd_cs-chn.wav : 0.9375
sur_0470_1941_phns_cs-chn.wav : 0
sur_0472_1945_phns_cs-chn.wav : 0
sur_0473_1946_phnd_cs-chn.wav : -0.875
sur_0475_1950_phns_cs-chn.wav : 0
sur_0476_1952_phns_cs-chn.wav : 0
sur_0478_1956_phns_cs-chn.wav : 0
sur_0479_1958_phns_cs-chn.wav : 0
sur_0480_1960_phnd_cs-chn.wav : 1.1875
sur_0481_1963_phns_cs-chn.wav : 0
sur_0482_1964_phns_cs-chn.wav : 0
sur_0483_1966_phns_cs-chn.wav : 0
sur_0485_1971_phns_cs-chn.wav : 0
sur_0486_1972_phnd_cs-chn.wav : 1.8125
sur_0487_1975_phns_cs-chn.wav : 0
sur_0488_1976_phnd_cs-chn.wav : -0.9375
sur_0489_1978_phnd_cs-chn.wav : -1.5
sur_0490_1980_phns_cs-chn.wav : 0
sur_0491_1983_phnd_cs-chn.wav : 33.8125
sur_0492_1985_phnd_cs-chn.wav : -0.75
sur_0493_1987_phnd_cs-chn.wav : 0.25
sur_0494_1989_phns_cs-chn.wav : 0
sur_0495_1991_phns_cs-chn.wav : 0
sur_0496_1992_phns_cs-chn.wav : 0
sur_0497_1995_phnd_cs-chn.wav : 1.0
sur_0498_1997_phns_cs-chn.wav : 0
sur_0499_1999_phns_cs-chn.wav : 0
sur_0500_2000_phnd_cs-chn.wav : 0.625
sur_0501_2003_phnd_cs-chn.wav : -0.3125
sur_0502_2004_phns_cs-chn.wav : 0
sur_0503_2006_phns_cs-chn.wav : 0
sur_0505_2010_phns_cs-chn.wav : 0
sur_0506_2012_phns_cs-mly.wav : 0
sur_0507_2015_phns_cs-chn.wav : 0
sur_0508_2017_phns_cs-chn.wav : 0
sur_0509_2019_phnd_cs-chn.wav : 0.1875
sur_0510_2020_phns_cs-chn.wav : 0
sur_0511_2023_phns_cs-chn.wav : 0
sur_0512_2025_phnd_cs-chn.wav : -0.3125
sur_0513_2027_phnd_cs-chn.wav : 1.625
sur_0514_2028_phnd_cs-chn.wav : -0.3125
sur_0515_2030_phnd_cs-chn.wav : 0.6875
sur_0516_2033_phnd_cs-chn.wav : 17.6875
sur_0517_2034_phns_cs-chn.wav : 0
sur_0518_2037_phns_cs-mly.wav : 0
sur_0519_2038_phns_cs-mly.wav : 0
sur_0520_2040_phns_cs-chn.wav : 0
sur_0521_2042_phns_cs-chn.wav : 0
sur_0522_2045_phns_cs-chn.wav : 0
sur_0523_2046_phns_cs-chn.wav : 0
sur_0524_2049_phns_cs-chn.wav : 0
sur_0525_2051_phns_cs-chn.wav : 0
sur_0528_2057_phnd_cs-chn.wav : -1.1875
sur_0529_2059_phnd_cs-chn.wav : -0.6875
sur_0531_2062_phns_cs-chn.wav : 0
sur_0532_2064_phnd_cs-chn.wav : 1.0
sur_0533_2066_phns_cs-chn.wav : 0
sur_0534_2069_phns_cs-chn.wav : 0
sur_0535_2071_phnd_cs-chn.wav : -0.5
sur_0536_2072_phns_cs-mly.wav : 0
sur_0537_2075_phns_cs-chn.wav : 0
sur_0538_2077_phns_cs-chn.wav : 0
sur_0540_2080_phns_cs-chn.wav : 0
sur_0541_2083_phnd_cs-mly.wav : 0.1875
sur_0543_2087_phns_cs-chn.wav : 0
sur_0546_2092_phns_cs-chn.wav : 0
sur_0548_2097_phnd_cs-tml.wav : -0.375
sur_0550_2100_phns_cs-chn.wav : 0
sur_0552_2105_phnd_cs-chn.wav : 0.3125
sur_0553_2106_phns_cs-chn.wav : 0
sur_0554_2109_phnd_cs-chn.wav : 0.4375
sur_0557_2114_phnd_cs-chn.wav : -1.0625
sur_0558_2117_phns_cs-chn.wav : 0
sur_0559_2119_phns_cs-chn.wav : 0
sur_0562_2125_phnd_cs-chn.wav : 1.25
sur_0563_2126_phns_cs-chn.wav : 0
sur_0564_2128_phns_cs-chn.wav : 0
sur_0565_2130_phns_cs-chn.wav : 0
sur_0567_2135_phnd_cs-chn.wav : 1.5625
sur_0569_2139_phns_cs-chn.wav : 0
sur_0570_2141_phns_cs-chn.wav : 0
sur_0571_2143_phns_cs-chn.wav : 0
sur_0572_2144_phns_cs-chn.wav : 0
sur_0573_2147_phns_cs-chn.wav : 0
sur_0574_2149_phns_cs-mly.wav : 0
sur_0575_2150_phnd_cs-mly.wav : 3.5
sur_0577_2154_phnd_cs-chn.wav : 0.625
sur_0578_2157_phnd_cs-chn.wav : 0.25
sur_0579_2159_phns_cs-chn.wav : 0
sur_0580_2160_phnd_cs-chn.wav : 0.8125
sur_0581_2162_phnd_cs-mly.wav : -0.1875
sur_0582_2165_phns_cs-chn.wav : 0
sur_0583_2166_phnd_cs-chn.wav : 1.5
sur_0584_2168_phns_cs-chn.wav : 0
sur_0585_2171_phns_cs-chn.wav : 0
sur_0586_2173_phns_cs-chn.wav : 0
sur_0587_2175_phns_cs-chn.wav : 0
sur_0589_2179_phns_cs-mly.wav : 0
sur_0590_2181_phns_cs-chn.wav : 0
sur_0591_2182_phns_cs-chn.wav : 0
sur_0592_2184_phns_cs-tml.wav : 0
sur_0594_2189_phnd_cs-chn.wav : 0.3125
sur_0595_2190_phnd_cs-chn.wav : 0.1875
sur_0596_2193_phns_cs-chn.wav : 0
sur_0597_2194_phns_cs-chn.wav : 0
sur_0598_2197_phns_cs-chn.wav : 0
sur_0599_2198_phns_cs-chn.wav : 0
sur_0600_2200_phnd_cs-chn.wav : -0.375
sur_0601_2202_phnd_cs-chn.wav : 1.1875
sur_0602_2204_phns_cs-chn.wav : 0
sur_0603_2206_phnd_cs-chn.wav : 1.375
sur_0605_2210_phns_cs-chn.wav : 0
sur_0606_2212_phns_cs-chn.wav : 0
sur_0607_2214_phns_cs-chn.wav : 0
sur_0608_2216_phns_cs-chn.wav : 0
sur_0610_2220_phns_cs-chn.wav : 0
sur_0611_2223_phnd_cs-mly.wav : -0.3125
sur_0612_2225_phns_cs-chn.wav : 0
sur_0613_2227_phnd_cs-chn.wav : -1.3125
sur_0616_2232_phns_cs-chn.wav : 0
sur_0617_2235_phnd_cs-chn.wav : 1.0
sur_0618_2237_phns_cs-chn.wav : 0
sur_0619_2238_phnd_cs-chn.wav : 171.6875
sur_0620_2241_phnd_cs-chn.wav : 0.1875
sur_0621_2242_phns_cs-chn.wav : 0
sur_0623_2247_phns_cs-chn.wav : 0
sur_0624_2249_phns_cs-chn.wav : 0
sur_0625_2250_phns_cs-chn.wav : 0
sur_0626_2252_phns_cs-chn.wav : 0
sur_0627_2254_phns_cs-chn.wav : 0
sur_0629_2259_phns_cs-chn.wav : 0
sur_0630_2260_phns_cs-chn.wav : 0
sur_0631_2262_phns_cs-tml.wav : 0
sur_0632_2264_phns_cs-chn.wav : 0
sur_0633_2267_phnd_cs-chn.wav : 1.0625
sur_0635_2270_phns_cs-mly.wav : 0
sur_0636_2273_phns_cs-chn.wav : 0
sur_0637_2274_phns_cs-chn.wav : 0
sur_0637_2275_phns_cs-chn.wav : 0
sur_0638_2277_phnd_cs-chn.wav : -0.3125
sur_0639_2279_phnd_cs-chn.wav : -0.8125
sur_0641_2282_phnd_cs-chn.wav : 5.3125
sur_0642_2284_phns_cs-chn.wav : 0
sur_0643_2287_phns_cs-chn.wav : 0
sur_0644_2289_phns_cs-chn.wav : 0
sur_0645_2290_phnd_cs-chn.wav : 0.9375
sur_0647_2295_phns_cs-chn.wav : 0
sur_0648_2296_phns_cs-chn.wav : 0
sur_0650_2300_phns_cs-mly.wav : 0
sur_0651_2303_phns_cs-chn.wav : 0
sur_0652_2304_phnd_cs-mly.wav : 0.8125
sur_0654_2309_phnd_cs-chn.wav : 0.25
sur_0659_2319_phnd_cs-chn.wav : -0.375
sur_0661_2323_phnd_cs-mly.wav : 0.25
sur_0664_2329_phns_cs-mly.wav : 0
sur_0665_2331_phns_cs-mly.wav : 0
sur_0666_2332_phnd_cs-mly.wav : 1.0625
sur_0667_2334_phns_cs-mly.wav : 0
sur_0668_2336_phns_cs-mly.wav : 0
sur_0668_2337_phns_cs-mly.wav : 0
sur_0669_2338_phns_cs-mly.wav : 0
sur_0671_2342_phns_cs-mly.wav : 0
sur_0674_2349_phns_cs-chn.wav : 0
sur_0675_2351_phnd_cs-chn.wav : -0.75
sur_0676_2352_phns_cs-chn.wav : 0
sur_0677_2355_phns_cs-chn.wav : 0
sur_0678_2357_phns_cs-chn.wav : 0
sur_0679_2358_phns_cs-chn.wav : 0
sur_0680_2360_phnd_cs-chn.wav : 0.6875
sur_0683_2366_phns_cs-chn.wav : 0
sur_0686_2372_phns_cs-chn.wav : 0
sur_0692_2384_phnd_cs-chn.wav : 0.125
sur_0694_2389_phnd_cs-chn.wav : -0.4375
sur_0695_2391_phns_cs-chn.wav : 0
sur_0696_2393_phns_cs-chn.wav : 0
sur_0698_2397_phnd_cs-chn.wav : -2.5625
sur_0699_2398_phns_cs-mly.wav : 0
sur_0700_2401_phns_cs-tml.wav : 0
sur_0702_2405_phnd_cs-mly.wav : 0.625
sur_0703_2407_phnd_cs-tml.wav : 1.375
sur_0705_2411_phnd_cs-mly.wav : 1.0
sur_0706_2413_phns_cs-mly.wav : 0
sur_0707_2414_phns_cs-tml.wav : 0
sur_0708_2417_phns_cs-tml.wav : 0
sur_0709_2418_phnd_cs-chn.wav : 1.6875
sur_0710_2420_phnd_cs-mly.wav : 1.25
sur_0711_2422_phnd_cs-mly.wav : 1.1875
sur_0712_2425_phns_cs-tml.wav : 0
sur_0713_2426_phnd_cs-mly.wav : 0.5
sur_0714_2429_phns_cs-mly.wav : 0
sur_0715_2431_phns_cs-chn.wav : 0
sur_0716_2432_phnd_cs-mly.wav : -1.4375
sur_0717_2435_phnd_cs-chn.wav : -0.875
sur_0719_2439_phns_cs-mly.wav : 0
sur_0721_2443_phns_cs-mly.wav : 0
sur_0722_2444_phns_cs-tml.wav : 0
sur_0723_2447_phnd_cs-tml.wav : 1.5
sur_0725_2451_phns_cs-mly.wav : 0
sur_0726_2453_phnd_cs-mly.wav : 3.25
sur_0728_2457_phnd_cs-chn.wav : -0.75
sur_0729_2458_phns_cs-mly.wav : 0
sur_0730_2460_phns_cs-mly.wav : 0
sur_0731_2463_phns_cs-tml.wav : 0
sur_0732_2465_phns_cs-mly.wav : 0
sur_0733_2466_phns_cs-tml.wav : 0
sur_0734_2469_phns_cs-mly.wav : 0
sur_0735_2470_phns_cs-mly.wav : 0
sur_0736_2472_phnd_cs-chn.wav : -0.375
sur_0737_2475_phns_cs-mly.wav : 0
sur_0738_2476_phns_cs-mly.wav : 0
sur_0739_2479_phnd_cs-mly.wav : 11.9375
sur_0740_2480_phnd_cs-mly.wav : -0.3125
sur_0741_2483_phns_cs-tml.wav : 0
sur_0742_2485_phns_cs-chn.wav : 0
sur_0744_2489_phns_cs-mly.wav : 0
sur_0745_2491_phnd_cs-tml.wav : -1.125
sur_0747_2495_phnd_cs-tml.wav : -0.75
sur_0748_2497_phnd_cs-tml.wav : 0.875
sur_0749_2498_phnd_cs-tml.wav : 0.3125
sur_0750_2500_phnd_cs-tml.wav : -0.5
sur_0751_2502_phnd_cs-tml.wav : 0.5625
sur_0753_2506_phns_cs-tml.wav : 0
sur_0754_2509_phnd_cs-tml.wav : -0.25
sur_0755_2511_phnd_cs-tml.wav : 0.625
sur_0757_2515_phnd_cs-chn.wav : -0.0625
sur_0758_2517_phns_cs-mly.wav : 0
sur_0759_2518_phnd_cs-chn.wav : -0.3125
sur_0760_2520_phnd_cs-chn.wav : 0.625
sur_0761_2523_phns_cs-mly.wav : 0
sur_0762_2525_phnd_cs-chn.wav : -0.0625
sur_0763_2527_phnd_cs-chn.wav : -0.75
sur_0765_2531_phns_cs-mly.wav : 0
sur_0766_2532_phns_cs-mly.wav : 0
sur_0769_2538_phnd_cs-chn.wav : -0.3125
sur_0770_2540_phnd_cs-tml.wav : 0.9375
sur_0771_2542_phns_cs-chn.wav : 0
sur_0771_2543_phns_cs-chn.wav : 0
sur_0772_2544_phns_cs-chn.wav : 0
sur_0772_2545_phns_cs-chn.wav : 0
sur_0773_2547_phnd_cs-chn.wav : 0.625
sur_0774_2548_phnd_cs-mly.wav : 0.9375
sur_0775_2551_phnd_cs-chn.wav : 1.5
sur_0777_2554_phnd_cs-chn.wav : 0.5
sur_0778_2556_phns_cs-mly.wav : 0
sur_0779_2559_phnd_cs-chn.wav : -1.4375
sur_0780_2561_phns_cs-chn.wav : 0
sur_0781_2563_phns_cs-mly.wav : 0
sur_0783_2566_phns_cs-mly.wav : 0
sur_0784_2568_phnd_cs-tml.wav : -0.9375
sur_0785_2571_phnd_cs-tml.wav : 13.375
sur_0786_2572_phns_cs-tml.wav : 0
sur_0788_2576_phns_cs-tml.wav : 0
sur_0789_2579_phnd_cs-tml.wav : 0.1875
sur_0790_2580_phnd_cs-tml.wav : 7.1875
sur_0791_2583_phnd_cs-tml.wav : -0.9375
sur_0792_2584_phns_cs-tml.wav : 0
sur_0793_2586_phns_cs-tml.wav : 0
sur_0794_2588_phns_cs-tml.wav : 0
sur_0795_2590_phns_cs-tml.wav : 0
sur_0795_2591_phns_cs-tml.wav : 0
sur_0797_2595_phnd_cs-chn.wav : -1.625
sur_0798_2597_phnd_cs-mly.wav : 1.0625
sur_0799_2598_phnd_cs-tml.wav : 0.9375
sur_0800_2600_phnd_cs-tml.wav : -4.375
sur_0802_2604_phns_cs-mly.wav : 0
sur_0803_2606_phnd_cs-chn.wav : -0.5625
sur_0804_2608_phns_cs-mly.wav : 0
sur_0805_2611_phns_cs-tml.wav : 0
sur_0806_2613_phnd_cs-mly.wav : 1.1875
sur_0807_2614_phns_cs-mly.wav : 0
sur_0807_2615_phns_cs-mly.wav : 0
sur_0808_2617_phnd_cs-chn.wav : 10.0625
sur_0809_2619_phnd_cs-chn.wav : 0.25
sur_0812_2624_phnd_cs-chn.wav : 0
sur_0813_2627_phnd_cs-chn.wav : 2.0
sur_0815_2631_phns_cs-chn.wav : 0
sur_0816_2633_phns_cs-chn.wav : 0
sur_0817_2635_phns_cs-chn.wav : 0
sur_0818_2637_phns_cs-chn.wav : 0
sur_0819_2639_phns_cs-chn.wav : 0
sur_0820_2640_phns_cs-chn.wav : 0
sur_0821_2643_phns_cs-chn.wav : 0
sur_0822_2644_phns_cs-chn.wav : 0
sur_0823_2647_phns_cs-chn.wav : 0
sur_0824_2649_phnd_cs-chn.wav : 0.6875
sur_0825_2651_phnd_cs-chn.wav : -0.375
sur_0826_2653_phns_cs-mly.wav : 0
sur_0828_2656_phns_cs-mly.wav : 0
sur_0829_2658_phnd_cs-chn.wav : 1.5625
sur_0831_2663_phns_cs-mly.wav : 0
sur_0832_2665_phnd_cs-chn.wav : 0.75
sur_0833_2667_phnd_cs-chn.wav : -0.8125
sur_0834_2669_phns_cs-mly.wav : 0
sur_0835_2671_phnd_cs-chn.wav : -0.3125
sur_0836_2673_phnd_cs-chn.wav : -0.5625
sur_0837_2674_phnd_cs-chn.wav : -1.1875
sur_0839_2678_phns_cs-mly.wav : 0
sur_0840_2680_phns_cs-mly.wav : 0
sur_0841_2683_phns_cs-tml.wav : 0
sur_0842_2684_phnd_cs-chn.wav : -0.5625
sur_0843_2687_phnd_cs-mly.wav : 1.375
sur_0844_2688_phnd_cs-chn.wav : 0.75
sur_0845_2691_phnd_cs-chn.wav : 0.3125
sur_0847_2695_phnd_cs-chn.wav : -1.25
sur_0848_2697_phnd_cs-chn.wav : 0.6875
sur_0849_2699_phnd_cs-chn.wav : 0.625
sur_0850_2700_phns_cs-mly.wav : 0
sur_0851_2703_phnd_cs-chn.wav : 1.1875
sur_0852_2704_phns_cs-mly.wav : 0
sur_0853_2707_phnd_cs-chn.wav : 1.4375
sur_0855_2711_phnd_cs-chn.wav : -1.1875
sur_0856_2713_phnd_cs-chn.wav : 0.5
sur_0857_2714_phnd_cs-chn.wav : -1.3125
sur_0858_2717_phnd_cs-chn.wav : 6.0625
sur_0859_2718_phnd_cs-mly.wav : 0.5
sur_0860_2721_phnd_cs-tml.wav : -0.3125
sur_0863_2727_phnd_cs-chn.wav : -1.5
sur_0864_2729_phnd_cs-tml.wav : 0.0625
sur_0867_2735_phnd_cs-chn.wav : -0.125
sur_0868_2737_phnd_cs-chn.wav : 0.75
sur_0869_2739_phns_cs-tml.wav : 0
sur_0870_2740_phnd_cs-chn.wav : -1.375
sur_0872_2743_phnd_cs-tml.wav : 6.1875
sur_0874_2749_phnd_cs-chn.wav : 1.1875
sur_0876_2752_phns_cs-tml.wav : 0
sur_0878_2756_phns_cs-tml.wav : 0
sur_0881_2762_phns_cs-tml.wav : 0
sur_0882_2764_phns_cs-tml.wav : 0
sur_0883_2766_phns_cs-tml.wav : 0
sur_0883_2767_phns_cs-tml.wav : 0
sur_0884_2768_phns_cs-tml.wav : 0
sur_0884_2769_phns_cs-tml.wav : 0
sur_0885_2770_phnd_cs-chn.wav : 0.25
sur_0887_2774_phns_cs-tml.wav : 0
sur_0888_2777_phnd_cs-mly.wav : 0.6875
sur_0889_2778_phnd_cs-chn.wav : 0.25
sur_0890_2781_phns_cs-mly.wav : 0
sur_0892_2785_phnd_cs-chn.wav : 5.4375
sur_0894_2789_phnd_cs-tml.wav : 0.875
sur_0895_2790_phns_cs-mly.wav : 0
sur_0896_2792_phns_cs-mly.wav : 0
sur_0897_2795_phnd_cs-tml.wav : -0.75
sur_0898_2797_phns_cs-tml.wav : 0
sur_0899_2799_phnd_cs-chn.wav : 1.4375
sur_0900_2800_phns_cs-mly.wav : 0
sur_0901_2803_phnd_cs-mly.wav : -0.3125
sur_0903_2806_phnd_cs-chn.wav : 0.375
sur_0904_2808_phnd_cs-chn.wav : 0.125
sur_0905_2811_phnd_cs-chn.wav : 1.4375
sur_0908_2816_phnd_cs-tml.wav : 1.0625
sur_0909_2818_phnd_cs-chn.wav : 3.0
sur_0910_2821_phnd_cs-chn.wav : 1.125
sur_0913_2826_phns_cs-chn.wav : 0
sur_0914_2828_phnd_cs-chn.wav : 1.125
sur_0915_2831_phnd_cs-chn.wav : -0.4375
sur_0917_2834_phnd_cs-chn.wav : 0.75
sur_0918_2836_phnd_cs-chn.wav : 0.375
sur_0919_2838_phnd_cs-chn.wav : 1.1875
sur_0921_2842_phnd_cs-chn.wav : 433.625
sur_0922_2844_phnd_cs-tml.wav : 0.375
sur_0923_2846_phnd_cs-chn.wav : 0.1875
sur_0924_2848_phnd_cs-chn.wav : 0.8125
sur_0925_2850_phns_cs-mly.wav : 0
sur_0926_2852_phnd_cs-chn.wav : 0.3125
sur_0929_2859_phnd_cs-chn.wav : 0.125
sur_0930_2860_phnd_cs-chn.wav : 0.875
sur_0931_2863_phnd_cs-mly.wav : 0.875
sur_0932_2864_phnd_cs-mly.wav : 0.9375
sur_0933_2866_phnd_cs-chn.wav : 1.6875
sur_0935_2870_phns_cs-tml.wav : 0
sur_0936_2873_phnd_cs-chn.wav : 0.5
sur_0937_2874_phns_cs-mly.wav : 0
sur_0938_2876_phns_cs-mly.wav : 0
sur_0939_2879_phns_cs-tml.wav : 0
sur_0940_2880_phnd_cs-chn.wav : 0.9375
sur_0941_2882_phnd_cs-chn.wav : 1.1875
sur_0942_2885_phnd_cs-mly.wav : -0.4375
sur_0944_2889_phnd_cs-chn.wav : 3.125
sur_0946_2893_phnd_cs-chn.wav : 0.875
sur_0947_2895_phnd_cs-chn.wav : 1.75
sur_0950_2901_phnd_cs-chn.wav : -0.375
sur_0951_2902_phnd_cs-chn.wav : 0.4375
sur_0952_2905_phnd_cs-chn.wav : 0.3125
sur_0954_2909_phnd_cs-tml.wav : 0.375
sur_0956_2912_phns_cs-mly.wav : 0
sur_0958_2917_phnd_cs-chn.wav : 1.4375
sur_0959_2918_phns_cs-mly.wav : 0
sur_0960_2920_phnd_cs-chn.wav : -1.5
sur_0961_2923_phnd_cs-chn.wav : -0.5625
sur_0962_2925_phns_cs-tml.wav : 0
sur_0963_2927_phnd_cs-chn.wav : -0.5625
sur_0965_2931_phnd_cs-mly.wav : 0.3125
sur_0968_2937_phnd_cs-chn.wav : -0.375
sur_0969_2938_phns_cs-mly.wav : 0
sur_0970_2940_phnd_cs-chn.wav : 0.75
sur_0971_2942_phnd_cs-chn.wav : -0.3125
sur_0972_2944_phnd_cs-chn.wav : 1.75
sur_0973_2947_phnd_cs-chn.wav : 1.3125
sur_0975_2950_phnd_cs-chn.wav : -0.8125
sur_0976_2953_phns_cs-mly.wav : 0
sur_0977_2954_phns_cs-mly.wav : 0
sur_0979_2958_phnd_cs-chn.wav : -0.25
sur_0980_2961_phns_cs-mly.wav : 0
sur_0981_2963_phns_cs-mly.wav : 0
sur_0983_2966_phnd_cs-chn.wav : 0.75
sur_0987_2975_phns_cs-mly.wav : 0
sur_0989_2978_phns_cs-mly.wav : 0
sur_0992_2985_phns_cs-mly.wav : 0
sur_0993_2987_phns_cs-mly.wav : 0
sur_0994_2989_phns_cs-mly.wav : 0
sur_0995_2990_phns_cs-mly.wav : 0
sur_0996_2992_phnd_cs-tml.wav : 1.3125
sur_0997_2994_phns_cs-mly.wav : 0
sur_0998_2996_phns_cs-mly.wav : 0
sur_0999_2998_phns_cs-mly.wav : 0
sur_1000_3001_phns_cs-tml.wav : 0
sur_1001_3002_phns_cs-tml.wav : 0
sur_1002_3005_phns_cs-mly.wav : 0
sur_1003_3006_phns_cs-mly.wav : 0
sur_1004_3008_phns_cs-mly.wav : 0
sur_1006_3013_phns_cs-mly.wav : 0
sur_1007_3014_phns_cs-tml.wav : 0
sur_1008_3016_phnd_cs-chn.wav : -1.125
sur_1014_3028_phns_cs-mly.wav : 0
sur_1015_3002_phns_cs-tml.wav : 0
sur_1016_3033_phns_cs-tml.wav : 0
sur_1017_3034_phns_cs-mly.wav : 0
sur_1019_3039_phns_cs-mly.wav : 0
sur_1020_3040_phns_cs-mly.wav : 0
sur_1021_3043_phns_cs-mly.wav : 0
sur_1022_3045_phnd_cs-chn.wav : 1.1875
sur_1023_3046_phns_cs-mly.wav : 0
sur_1024_3049_phns_cs-mly.wav : 0
sur_1025_3051_phns_cs-mly.wav : 0
sur_1026_3053_phns_cs-mly.wav : 0
sur_1028_3056_phns_cs-tml.wav : 0
sur_1029_3059_phns_cs-tml.wav : 0
sur_1030_3061_phnd_cs-mly.wav : -1.125
sur_1031_3062_phns_cs-mly.wav : 0
sur_1033_3067_phns_cs-mly.wav : 0
sur_1034_3068_phns_cs-tml.wav : 0
sur_1035_3070_phns_cs-tml.wav : 0
sur_1039_2414_phns_cs-tml.wav : 0
sur_1040_3059_phns_cs-tml.wav : 0
sur_1041_3082_phnd_cs-mly.wav : 0.6875
sur_1043_3087_phns_cs-mly.wav : 0
sur_1044_3089_phnd_cs-mly.wav : -1.0625
sur_1045_2925_phnd_cs-tml.wav : 0.625
sur_1046_3092_phns_cs-tml.wav : 0
sur_1047_3095_phns_cs-mly.wav : 0
sur_1048_3097_phnd_cs-chn.wav : 0.375
sur_1049_3070_phns_cs-tml.wav : 0
sur_1050_3101_phns_cs-mly.wav : 0
sur_1051_3102_phns_cs-tml.wav : 0
sur_1053_3106_phns_cs-mly.wav : 0
sur_1054_3108_phns_cs-mly.wav : 0
sur_1055_3056_phns_cs-tml.wav : 0
sur_1056_3112_phnd_cs-chn.wav : 0.625
sur_1057_3114_phns_cs-mly.wav : 0
sur_1059_3118_phns_cs-mly.wav : 0
sur_1060_3120_phns_cs-mly.wav : 0
sur_1061_3122_phns_cs-mly.wav : 0
sur_1062_3124_phns_cs-mly.wav : 0
sur_1063_3127_phns_cs-mly.wav : 0
sur_1064_3128_phnd_cs-tml.wav : -0.75
sur_1065_3131_phns_cs-mly.wav : 0
sur_1066_3132_phns_cs-mly.wav : 0
sur_1068_3137_phns_cs-mly.wav : 0
sur_1070_3141_phns_cs-mly.wav : 0
sur_1072_3144_phns_cs-mly.wav : 0
sur_1073_3146_phns_cs-tml.wav : 0
sur_1075_3150_phns_cs-mly.wav : 0
sur_1077_3154_phns_cs-tml.wav : 0
sur_1078_3156_phns_cs-mly.wav : 0
sur_1080_3161_phns_cs-tml.wav : 0
sur_1081_3163_phns_cs-mly.wav : 0
sur_1082_3164_phns_cs-mly.wav : 0
sur_1083_3166_phns_cs-mly.wav : 0
sur_1085_3170_phns_cs-mly.wav : 0
sur_1086_3173_phns_cs-mly.wav : 0
sur_1088_3176_phns_cs-mly.wav : 0
sur_1090_3181_phnd_cs-chn.wav : -1.375
sur_1091_3183_phns_cs-mly.wav : 0
sur_1092_3185_phns_cs-mly.wav : 0
sur_1093_3186_phnd_cs-tml.wav : 0.1875
sur_1094_3188_phnd_cs-chn.wav : -1.0
sur_1095_3191_phns_cs-mly.wav : 0
sur_1096_3192_phns_cs-mly.wav : 0
sur_1098_3197_phnd_cs-chn.wav : -0.875
sur_1099_3199_phns_cs-mly.wav : 0
sur_1101_3203_phns_cs-mly.wav : 0
sur_1102_3204_phns_cs-mly.wav : 0
sur_1103_3207_phnd_cs-chn.wav : 92.6875
sur_1104_3209_phns_cs-mly.wav : 0
sur_1105_3211_phns_cs-mly.wav : 0
sur_1106_3213_phnd_cs-tml.wav : -1.4375
sur_1107_3214_phns_cs-mly.wav : 0
sur_1109_3219_phnd_cs-mly.wav : 0.5
sur_1111_3223_phnd_cs-chn.wav : -0.9375
sur_1112_3224_phnd_cs-tml.wav : 0.375
sur_1113_3226_phnd_cs-chn.wav : -0.1875
sur_1114_3229_phns_cs-mly.wav : 0
sur_1115_3231_phnd_cs-chn.wav : -1.5
sur_1117_3234_phnd_cs-chn.wav : 0.625
sur_1119_3224_phnd_cs-tml.wav : 1.3125
sur_1121_3242_phnd_cs-tml.wav : 3.75
sur_1122_3245_phnd_cs-tml.wav : -0.5625
sur_1124_3248_phnd_cs-chn.wav : -0.75
sur_1126_3252_phnd_cs-chn.wav : -1.125
sur_1127_3244_phns_cs-tml.wav : 0
sur_1128_3256_phnd_cs-chn.wav : 0.8125
sur_1129_3259_phnd_cs-chn.wav : 0.1875
sur_1130_3261_phnd_cs-chn.wav : 0.4375
sur_1133_3267_phnd_cs-chn.wav : 2.875
sur_1134_3269_phns_cs-tml.wav : 0
sur_1136_3273_phnd_cs-chn.wav : 0.9375
sur_1137_3275_phnd_cs-chn.wav : 0.875
sur_1138_3277_phnd_cs-chn.wav : 1.125
sur_1139_3278_phns_cs-mly.wav : 0
sur_1140_3281_phns_cs-mly.wav : 0
sur_1141_3283_phns_cs-chn.wav : 0
sur_1143_3286_phns_cs-mly.wav : 0
sur_1144_3289_phnd_cs-tml.wav : -1.4375
sur_1145_3290_phnd_cs-chn.wav : 0.875
sur_1146_3292_phnd_cs-chn.wav : -0.75
sur_1148_3296_phnd_cs-chn.wav : 1.6875
sur_1150_3300_phnd_cs-chn.wav : -0.9375
sur_1151_3303_phns_cs-chn.wav : 0
sur_1152_3304_phns_cs-mly.wav : 0
sur_1153_3306_phnd_cs-chn.wav : -0.75
sur_1154_3309_phnd_cs-chn.wav : 0.75
sur_1155_3268_phns_cs-tml.wav : 0
sur_1156_3312_phns_cs-mly.wav : 0
sur_1157_3314_phns_cs-mly.wav : 0
sur_1158_3317_phnd_cs-chn.wav : 34.8125
sur_1159_3319_phnd_cs-chn.wav : -0.125
sur_1161_3322_phnd_cs-chn.wav : -0.3125
sur_1162_3324_phns_cs-mly.wav : 0
sur_1164_2424_phns_cs-tml.wav : 0
sur_1164_2425_phns_cs-tml.wav : 0
sur_1165_3330_phns_cs-mly.wav : 0
sur_1167_3332_phns_cs-tml.wav : 0
sur_1169_3338_phns_cs-tml.wav : 0
sur_1169_3339_phns_cs-tml.wav : 0
sur_1170_3341_phns_cs-tml.wav : 0
sur_1173_3346_phnd_cs-mly.wav : -0.1875
sur_1176_3353_phns_cs-tml.wav : 0
sur_1177_3354_phnd_cs-tml.wav : 0.3125
sur_1178_3357_phnd_cs-mly.wav : -0.375
sur_1181_3363_phns_cs-tml.wav : 0
sur_1182_3362_phns_cs-tml.wav : 0
sur_1183_3366_phnd_cs-chn.wav : 1.25
sur_1184_3368_phnd_cs-chn.wav : 1.0625
sur_1187_3372_phns_cs-tml.wav : 0
sur_1189_3378_phnd_cs-mly.wav : 5.1875
sur_1192_3384_phnd_cs-chn.wav : 0.0625
sur_1193_3386_phns_cs-tml.wav : 0
sur_1194_3389_phns_cs-tml.wav : 0
sur_1195_3389_phnd_cs-tml.wav : -1.1875
sur_1199_3399_phns_cs-tml.wav : 0
sur_1200_3242_phnd_cs-tml.wav : -0.75
sur_1202_3402_phnd_cs-tml.wav : -1.25
sur_1203_3407_phns_cs-chn.wav : 0
sur_1204_3408_phns_cs-tml.wav : 0
sur_1205_3411_phnd_cs-tml.wav : 0.3125
sur_1206_3411_phnd_cs-tml.wav : -1.0625
sur_1207_3415_phnd_cs-tml.wav : 0
sur_1208_3414_phnd_cs-tml.wav : 1.3125
sur_1209_3419_phnd_cs-chn.wav : -0.8125
sur_1210_3420_phns_cs-tml.wav : 0
sur_1211_3422_phnd_cs-tml.wav : -0.1875
sur_1212_3425_phns_cs-tml.wav : 0
sur_1214_3427_phns_cs-tml.wav : 0
sur_1215_3431_phns_cs-tml.wav : 0
sur_1216_3433_phnd_cs-tml.wav : -0.6875
sur_1217_3435_phns_cs-tml.wav : 0
sur_1218_3436_phnd_cs-tml.wav : 0.6875
sur_1219_3436_phnd_cs-tml.wav : 0.5625
sur_1220_3441_phnd_cs-tml.wav : -1.1875
sur_1223_3446_phnd_cs-tml.wav : -1.125
sur_1224_3448_phnd_cs-chn.wav : 1.25
sur_1225_3450_phnd_cs-chn.wav : 0.6875
sur_1226_3452_phnd_cs-tml.wav : 0
sur_1227_3452_phnd_cs-tml.wav : -0.625
sur_1228_3457_phns_cs-tml.wav : 0
sur_1230_3460_phnd_cs-tml.wav : 0.25
sur_1231_3353_phns_cs-tml.wav : 0
sur_1232_3464_phnd_cs-tml.wav : 0.625
sur_1233_3424_phnd_cs-tml.wav : -0.25
sur_1234_3468_phnd_cs-tml.wav : -0.3125
sur_1235_3468_phnd_cs-tml.wav : -0.3125
sur_1239_3478_phns_cs-mly.wav : 0
sur_1239_3478_phns_cs-mly.wav : 0
sur_1241_3465_phnd_cs-tml.wav : 53.0
sur_1242_3484_phns_cs-tml.wav : 0
sur_1242_3485_phns_cs-tml.wav : 0
sur_1245_3490_phns_cs-mly.wav : 0
sur_1246_3492_phns_cs-mly.wav : 0
sur_1247_3495_phns_cs-mly.wav : 0
sur_1247_3495_phns_cs-mly.wav : 0
sur_1250_3501_phns_cs-tml.wav : 0
sur_1253_3507_phns_cs-mly.wav : 0
sur_1254_3509_phns_cs-mly.wav : 0
sur_1257_3514_phns_cs-mly.wav : 0
sur_1257_3514_phns_cs-mly.wav : 0
sur_1265_3531_phns_cs-mly.wav : 0
sur_1266_3532_phns_cs-mly.wav : 0
sur_1266_3533_phns_cs-mly.wav : 0
sur_2001_6001_phns_cs-mly.wav : 0
sur_2002_6003_phns_cs-tml.wav : 0
sur_2003_6005_phns_cs-mly.wav : 0
sur_2004_6007_phns_cs-mly.wav : 0
sur_2005_6009_phns_cs-mly.wav : 0
sur_2006_6011_phns_cs-mly.wav : 0
sur_2007_6014_phns_cs-mly.wav : 0
sur_2008_6015_phns_cs-tml.wav : 0
sur_2009_6018_phnd_cs-mly.wav : -0.5625
sur_2010_6020_phnd_cs-mly.wav : -1.0625
sur_2011_6022_phnd_cs-mly.wav : -1.375
sur_2012_6023_phns_cs-tml.wav : 0
sur_2013_6026_phns_cs-tml.wav : 0
sur_2014_6028_phns_cs-mly.wav : 0
sur_2015_6029_phnd_cs-mly.wav : 6364.25
sur_2016_6032_phnd_cs-tml.wav : 1.125
sur_2017_6034_phnd_cs-tml.wav : 0.5
sur_2018_6036_phnd_cs-tml.wav : -0.5625
sur_2019_6038_phnd_cs-tml.wav : 0
sur_2021_6041_phnd_cs-tml.wav : 16.1875
sur_2023_6046_phnd_cs-tml.wav : -0.125
sur_2024_6046_phnd_cs-tml.wav : -0.25
sur_2025_6050_phnd_cs-tml.wav : -0.25
sur_2027_6053_phnd_cs-tml.wav : 0.0625
sur_2028_6056_phnd_cs-tml.wav : 0.0625
sur_2029_6058_phnd_cs-tml.wav : 1.0
sur_2030_6057_phnd_cs-tml.wav : -0.9375
sur_2031_6061_phnd_cs-mly.wav : 4.5625
sur_2033_6063_phnd_cs-tml.wav : 0.75
sur_2034_6065_phnd_cs-tml.wav : 0.125
sur_2035_6067_phnd_cs-tml.wav : 1.25
sur_2036_6070_phnd_cs-tml.wav : 0.3125
sur_2037_6071_phnd_cs-tml.wav : 21.625
sur_2042_6063_phnd_cs-tml.wav : 0.4375
sur_2043_6077_phnd_cs-tml.wav : 0
sur_2045_6080_phnd_cs-tml.wav : 0.5625
sur_2048_6084_phnd_cs-tml.wav : 35.0625
sur_2049_6084_phnd_cs-tml.wav : 30.3125
sur_2050_6086_phnd_cs-tml.wav : -1.125
sur_2051_6085_phnd_cs-tml.wav : -0.1875
sur_2052_6087_phnd_cs-tml.wav : -0.75
sur_2053_6089_phnd_cs-tml.wav : 2.125
sur_2054_6091_phnd_cs-tml.wav : -0.375
sur_2056_6093_phnd_cs-tml.wav : -0.5625
sur_2058_6098_phnd_cs-tml.wav : 0.3125
sur_2059_6098_phnd_cs-tml.wav : 0.3125
sur_2060_6093_phnd_cs-tml.wav : 0.1875
sur_2061_6067_phnd_cs-tml.wav : 1.9375
sur_2062_6100_phnd_cs-tml.wav : -0.1875
sur_2063_6100_phnd_cs-tml.wav : -0.25
sur_2065_6104_phnd_cs-tml.wav : 6360.6875
sur_2067_6107_phnd_cs-tml.wav : -0.3125
sur_2068_6107_phnd_cs-tml.wav : -0.3125
sur_2069_6109_phnd_cs-mly.wav : -1.25
sur_2072_6114_phnd_cs-tml.wav : -1.375
sur_2073_6113_phnd_cs-tml.wav : 1.1875
sur_2074_6116_phnd_cs-tml.wav : 0.75
sur_2075_6091_phnd_cs-tml.wav : -1.25
sur_2076_6118_phnd_cs-tml.wav : 4.5
sur_2077_6118_phnd_cs-tml.wav : -0.5
sur_2079_6120_phnd_cs-tml.wav : -0.5
sur_2080_6071_phnd_cs-tml.wav : -0.75
sur_2082_6115_phnd_cs-tml.wav : 0.3125
